<?xml version="1.0" encoding="UTF-8"?>
<!-- Generated by org.testng.reporters.JUnitReportReporter -->
<testsuite skipped="1" hostname="anujs-MacBook-Pro.local" name="demo.TestNgIgnoreDemo" tests="2" failures="0" timestamp="2020-04-17T21:05:51 EDT" time="0.008" errors="0">
  <testcase name="test2" time="0.008" classname="demo.TestNgIgnoreDemo"/>
  <system-out/>
  <testcase name="test1" classname="demo.TestNgIgnoreDemo">
    <skipped/>
  </testcase> <!-- test1 -->
  <system-out/>
</testsuite> <!-- demo.TestNgIgnoreDemo -->
