<?xml version="1.0" encoding="UTF-8"?>
<!-- Generated by org.testng.reporters.JUnitReportReporter -->
<testsuite skipped="0" hostname="anujs-MacBook-Pro.local" name="listeners.TestNGListenerDemo" tests="3" failures="0" timestamp="2020-04-14T20:44:52 EDT" time="4.976" errors="0">
  <testcase name="test3" time="0.001" classname="listeners.TestNGListenerDemo"/>
  <system-out/>
  <testcase name="test2" time="4.969" classname="listeners.TestNGListenerDemo"/>
  <system-out/>
  <testcase name="test1" time="0.006" classname="listeners.TestNGListenerDemo"/>
  <system-out/>
</testsuite> <!-- listeners.TestNGListenerDemo -->
