<?xml version="1.0" encoding="UTF-8"?>
<!-- Generated by org.testng.reporters.JUnitReportReporter -->
<testsuite skipped="0" hostname="anujs-MacBook-Pro.local" name="demo.TestNgParametersDemo" tests="1" failures="0" timestamp="2020-04-16T20:59:29 EDT" time="0.010" errors="0">
  <testcase name="test" time="0.010" classname="demo.TestNgParametersDemo"/>
  <system-out/>
</testsuite> <!-- demo.TestNgParametersDemo -->
