<?xml version="1.0" encoding="UTF-8"?>
<!-- Generated by org.testng.reporters.JUnitReportReporter -->
<testsuite skipped="0" hostname="anujs-MacBook-Pro.local" name="demo.TestNGDependencyDemo" tests="2" failures="0" timestamp="2020-04-16T21:15:48 EDT" time="0.006" errors="0">
  <testcase name="test1" time="0.000" classname="demo.TestNGDependencyDemo"/>
  <system-out/>
  <testcase name="test2" time="0.006" classname="demo.TestNGDependencyDemo"/>
  <system-out/>
</testsuite> <!-- demo.TestNGDependencyDemo -->
