<?xml version="1.0" encoding="UTF-8"?>
<!-- Generated by org.testng.reporters.JUnitReportReporter -->
<testsuite skipped="0" hostname="anujs-MacBook-Pro.local" name="demo.TestNgMultiBrowser" tests="1" failures="0" timestamp="2020-04-16T20:13:40 EDT" time="4.463" errors="0">
  <testcase name="test1" time="4.463" classname="demo.TestNgMultiBrowser"/>
  <system-out/>
</testsuite> <!-- demo.TestNgMultiBrowser -->
