<?xml version="1.0" encoding="UTF-8"?>
<!-- Generated by org.testng.reporters.JUnitReportReporter -->
<testsuite skipped="0" hostname="anujs-MacBook-Pro.local" name="demo.TestNgGroupsDemo" tests="2" failures="0" timestamp="2020-04-16T20:45:32 EDT" time="0.008" errors="0">
  <testcase name="test2" time="0.007" classname="demo.TestNgGroupsDemo"/>
  <system-out/>
  <testcase name="test3" time="0.001" classname="demo.TestNgGroupsDemo"/>
  <system-out/>
</testsuite> <!-- demo.TestNgGroupsDemo -->
