<?xml version="1.0" encoding="UTF-8"?>
<!-- Generated by org.testng.reporters.JUnitReportReporter -->
<testsuite skipped="0" hostname="anujs-MacBook-Pro.local" name="listeners.TestNGListenerDemo2" tests="3" failures="0" timestamp="2020-04-14T20:44:52 EDT" time="0.002" errors="0">
  <testcase name="test4" time="0.000" classname="listeners.TestNGListenerDemo2"/>
  <system-out/>
  <testcase name="test6" time="0.001" classname="listeners.TestNGListenerDemo2"/>
  <system-out/>
  <testcase name="test5" time="0.001" classname="listeners.TestNGListenerDemo2"/>
  <system-out/>
</testsuite> <!-- listeners.TestNGListenerDemo2 -->
