<?xml version="1.0" encoding="UTF-8"?>
<!-- Generated by org.testng.reporters.JUnitReportReporter -->
<testsuite skipped="0" hostname="anujs-MacBook-Pro.local" name="test.ExtentReportsDemo_TestNg" tests="2" failures="0" timestamp="2020-04-06T21:12:15 EDT" time="0.297" errors="0">
  <testcase name="test2" time="0.002" classname="test.ExtentReportsDemo_TestNg"/>
  <system-out/>
  <testcase name="test1" time="0.295" classname="test.ExtentReportsDemo_TestNg"/>
  <system-out/>
</testsuite> <!-- test.ExtentReportsDemo_TestNg -->
