<?xml version="1.0" encoding="UTF-8"?>
<!-- Generated by org.testng.reporters.JUnitReportReporter -->
<testsuite skipped="0" hostname="anujs-MacBook-Pro.local" name="utils.ExcelDataProvider" tests="6" failures="0" timestamp="2020-04-11T21:22:32 EDT" time="14.375" errors="0">
  <testcase name="test1" time="2.304" classname="utils.ExcelDataProvider"/>
  <system-out/>
  <testcase name="test1" time="2.277" classname="utils.ExcelDataProvider"/>
  <system-out/>
  <testcase name="test1" time="2.276" classname="utils.ExcelDataProvider"/>
  <system-out/>
  <testcase name="test1" time="2.277" classname="utils.ExcelDataProvider"/>
  <system-out/>
  <testcase name="test1" time="2.808" classname="utils.ExcelDataProvider"/>
  <system-out/>
  <testcase name="test1" time="2.433" classname="utils.ExcelDataProvider"/>
  <system-out/>
</testsuite> <!-- utils.ExcelDataProvider -->
