<?xml version="1.0" encoding="UTF-8"?>
<!-- Generated by org.testng.reporters.JUnitReportReporter -->
<testsuite skipped="0" hostname="anujs-MacBook-Pro.local" name="test.TestNG_demo" tests="1" failures="0" timestamp="2020-04-08T21:41:38 EDT" time="0.143" errors="0">
  <testcase name="GoogleSearch" time="0.143" classname="test.TestNG_demo"/>
  <system-out/>
</testsuite> <!-- test.TestNG_demo -->
