<?xml version="1.0" encoding="UTF-8"?>
<!-- Generated by org.testng.reporters.JUnitReportReporter -->
<testsuite skipped="0" hostname="anujs-MacBook-Pro.local" name="test.Test1_GoogleSearch_TestNG" tests="1" failures="0" timestamp="2020-04-07T20:38:48 EDT" time="1.333" errors="0">
  <testcase name="GoogleSearch" time="1.333" classname="test.Test1_GoogleSearch_TestNG"/>
  <system-out/>
</testsuite> <!-- test.Test1_GoogleSearch_TestNG -->
