<?xml version="1.0" encoding="UTF-8"?>
<!-- Generated by org.testng.reporters.JUnitReportReporter -->
<testsuite skipped="0" hostname="anujs-MacBook-Pro.local" name="demo.TestNGPriority_demo" tests="3" failures="0" timestamp="2020-04-14T21:03:17 EDT" time="0.008" errors="0">
  <testcase name="Test3" time="0.006" classname="demo.TestNGPriority_demo"/>
  <system-out/>
  <testcase name="Test1" time="0.001" classname="demo.TestNGPriority_demo"/>
  <system-out/>
  <testcase name="Test2" time="0.001" classname="demo.TestNGPriority_demo"/>
  <system-out/>
</testsuite> <!-- demo.TestNGPriority_demo -->
